
/*************** Nueva partida *****************/
columnas: 6
filas: 7
c: 4
p: 35
color: rojo
color del oponente: azul
vas primero: False
/**********************************************/
envio <type 'str'>: rojo azul
envio <type 'str'>: 6 7 4 35
envio <type 'str'>: el
envio <type 'int'>: 2
recibo <type 'str'>: 0
envio <type 'int'>: 1
recibo <type 'str'>: 2
envio <type 'int'>: 3
recibo <type 'str'>: 4
envio <type 'int'>: 3
recibo <type 'str'>: 2
envio <type 'int'>: 1
recibo <type 'str'>: 3
envio <type 'int'>: 1
recibo <type 'str'>: 1
envio <type 'int'>: 2
recibo <type 'str'>: 3
envio <type 'int'>: 3
recibo <type 'str'>: 0
envio <type 'int'>: 0
recibo <type 'str'>: 2
envio <type 'int'>: 3
recibo <type 'str'>: 5
